<?xml version="1.0" encoding="UTF-8"?>
<testng-results skipped="0" failed="0" ignored="0" total="1" passed="1">
  <reporter-output>
  </reporter-output>
  <suite name="Default suite" duration-ms="15414" started-at="2019-08-16T08:56:46Z" finished-at="2019-08-16T08:57:02Z">
    <groups>
    </groups>
    <test name="Default test" duration-ms="15414" started-at="2019-08-16T08:56:46Z" finished-at="2019-08-16T08:57:02Z">
      <class name="getthetitle">
        <test-method status="PASS" signature="demo()[pri:0, instance:getthetitle@7fa833]" name="demo" duration-ms="15358" started-at="2019-08-16T08:56:46Z" finished-at="2019-08-16T08:57:02Z">
          <reporter-output>
          </reporter-output>
        </test-method> <!-- demo -->
      </class> <!-- getthetitle -->
    </test> <!-- Default test -->
  </suite> <!-- Default suite -->
</testng-results>
